<?xml version="1.0" encoding="UTF-8"?>
<testsuite name="org.example.baseballgame.step1.BallTest" tests="1" skipped="0" failures="0" errors="0" timestamp="2024-12-11T11:28:25" hostname="MacBookAir.local" time="0.043">
  <properties/>
  <testcase name="getValue()" classname="org.example.baseballgame.step1.BallTest" time="0.043"/>
  <system-out><![CDATA[]]></system-out>
  <system-err><![CDATA[]]></system-err>
</testsuite>
